AmusementPark/app/build/intermediates/manifest_merge_blame_file/debug/manifest-merger-blame-debug-report.txt
1<?xml version="1.0" encoding="utf-8"?>
2<manifest xmlns:android="http://schemas.android.com/apk/res/android"
3    package="com.example.amusementpark"
4    android:versionCode="1"
5    android:versionName="1.0" >
6
7    <uses-sdk
8        android:minSdkVersion="16"
8-->src/main/AndroidManifest.xml
9        android:targetSdkVersion="29" />
9-->src/main/AndroidManifest.xml
10
11    <uses-permission android:name="android.permission.INTERNET" />
11-->src/main/AndroidManifest.xml:4:5-66
11-->src/main/AndroidManifest.xml:4:22-64
12    <uses-permission android:name="android.permission.CAMERA" />
12-->src/main/AndroidManifest.xml:5:5-64
12-->src/main/AndroidManifest.xml:5:22-62
13    <uses-permission android:name="android.permission.READ_EXTERNAL_STORAGE" />
13-->src/main/AndroidManifest.xml:6:5-79
13-->src/main/AndroidManifest.xml:6:22-77
14    <uses-permission android:name="android.permission.ACCESS_NETWORK_STATE" />
14-->src/main/AndroidManifest.xml:7:5-78
14-->src/main/AndroidManifest.xml:7:22-76
15    <uses-permission android:name="android.permission.VIBRATE" />
15-->src/main/AndroidManifest.xml:8:5-65
15-->src/main/AndroidManifest.xml:8:22-63
16
17    <application
17-->src/main/AndroidManifest.xml:9:5-42:19
18        android:allowBackup="true"
18-->src/main/AndroidManifest.xml:10:9-35
19        android:appComponentFactory="androidx.core.app.CoreComponentFactory"
19-->[androidx.core:core:1.0.1] AndroidManifest.xml:22:18-86
20        android:debuggable="true"
21        android:icon="@mipmap/ic_launcher"
21-->src/main/AndroidManifest.xml:11:9-43
22        android:label="@string/app_name"
22-->src/main/AndroidManifest.xml:12:9-41
23        android:roundIcon="@mipmap/ic_launcher_round"
23-->src/main/AndroidManifest.xml:13:9-54
24        android:supportsRtl="true"
24-->src/main/AndroidManifest.xml:14:9-35
25        android:testOnly="true"
26        android:theme="@style/AppTheme"
26-->src/main/AndroidManifest.xml:16:9-40
27        android:usesCleartextTraffic="true" >
27-->src/main/AndroidManifest.xml:15:9-44
28        <activity android:name="com.example.amusementpark.MainPage" >
28-->src/main/AndroidManifest.xml:18:9-24:20
28-->src/main/AndroidManifest.xml:18:19-43
29            <intent-filter>
29-->src/main/AndroidManifest.xml:19:13-23:29
30                <action android:name="android.intent.action.MAIN" />
30-->src/main/AndroidManifest.xml:20:17-69
30-->src/main/AndroidManifest.xml:20:25-66
31
32                <category android:name="android.intent.category.LAUNCHER" />
32-->src/main/AndroidManifest.xml:22:17-77
32-->src/main/AndroidManifest.xml:22:27-74
33            </intent-filter>
34        </activity>
35        <activity android:name="com.example.amusementpark.register" />
35-->src/main/AndroidManifest.xml:26:9-55
35-->src/main/AndroidManifest.xml:26:19-43
36        <activity android:name="com.example.amusementpark.functions" />
36-->src/main/AndroidManifest.xml:27:9-56
36-->src/main/AndroidManifest.xml:27:19-44
37        <activity android:name="com.example.amusementpark.forgetPassword" />
37-->src/main/AndroidManifest.xml:28:9-61
37-->src/main/AndroidManifest.xml:28:19-49
38        <activity android:name="com.example.amusementpark.account" />
38-->src/main/AndroidManifest.xml:29:9-54
38-->src/main/AndroidManifest.xml:29:19-42
391
40        <activity android:name="com.example.amusementpark.parking" />
40-->src/main/AndroidManifest.xml:30:9-54
40-->src/main/AndroidManifest.xml:30:19-42
41        <activity android:name="com.example.amusementpark.queuing" />
41-->src/main/AndroidManifest.xml:31:9-54
41-->src/main/AndroidManifest.xml:31:19-42
42        <activity android:name="com.example.amusementpark.buy_tickets" />
42-->src/main/AndroidManifest.xml:34:9-58
42-->src/main/AndroidManifest.xml:34:19-46
43        <activity android:name="com.example.amusementpark.myCart" />
43-->src/main/AndroidManifest.xml:35:9-53
43-->src/main/AndroidManifest.xml:35:19-41
44        <activity android:name="com.example.amusementpark.payment" />
44-->src/main/AndroidManifest.xml:36:9-54
44-->src/main/AndroidManifest.xml:36:19-42
45        <activity android:name="com.example.amusementpark.paymentDone" />
45-->src/main/AndroidManifest.xml:37:9-58
45-->src/main/AndroidManifest.xml:37:19-46
46        <activity android:name="com.example.amusementpark.ticket_info" />
46-->src/main/AndroidManifest.xml:38:9-58
46-->src/main/AndroidManifest.xml:38:19-46
47        <activity android:name="com.blikoon.qrcodescanner.QrCodeActivity" >
47-->[com.github.blikoon:QRCodeScanner:0.1.2] AndroidManifest.xml:15:9-16:20
47-->[com.github.blikoon:QRCodeScanner:0.1.2] AndroidManifest.xml:15:19-74
48        </activity>
49    </application>
50
51</manifest>